Server started on port 8080
2021-11-28T10:07:20.475700  0:00:00.030104 GET     [200] /
2021-11-28T10:07:20.582512  0:00:00.000546 GET     [200] /flutter_service_worker.js?v=2507468426
2021-11-28T10:07:20.609529  0:00:00.000593 GET     [200] /
2021-11-28T10:07:20.611296  0:00:00.000979 GET     [200] /main.dart.js
2021-11-28T10:07:20.613212  0:00:00.000459 GET     [200] /index.html
2021-11-28T10:07:20.625317  0:00:00.000618 GET     [200] /assets/NOTICES
2021-11-28T10:07:20.627394  0:00:00.000429 GET     [200] /assets/AssetManifest.json
2021-11-28T10:07:20.640668  0:00:00.000544 GET     [200] /assets/FontManifest.json
2021-11-28T10:07:21.026336  0:00:00.002147 GET     [304] /flutter_service_worker.js?v=2507468426
2021-11-28T10:07:53.275926  0:00:00.000837 GET     [200] /
2021-11-28T10:07:53.279688  0:00:00.001626 GET     [404] /favicon.ico
2021-11-28T10:07:53.282502  0:00:00.000658 GET     [200] /main.dart.js
2021-11-28T10:07:53.467846  0:00:00.001691 GET     [200] /flutter_service_worker.js?v=2507468426
2021-11-28T10:07:53.478163  0:00:00.000608 GET     [200] /
2021-11-28T10:07:53.479491  0:00:00.000328 GET     [200] /main.dart.js
2021-11-28T10:07:53.482840  0:00:00.000442 GET     [200] /index.html
2021-11-28T10:07:53.484268  0:00:00.000660 GET     [200] /assets/AssetManifest.json
2021-11-28T10:07:53.485947  0:00:00.000418 GET     [200] /assets/FontManifest.json
2021-11-28T10:07:53.487084  0:00:00.000359 GET     [200] /assets/NOTICES
2021-11-28T10:07:53.725299  0:00:00.000527 GET     [304] /flutter_service_worker.js?v=2507468426
2021-11-28T10:08:05.279802  0:00:00.000511 GET     [200] /assets/assets/users/photo3.png
2021-11-28T10:08:05.304257  0:00:00.000371 GET     [200] /assets/assets/users/photo2.png
2021-11-28T10:08:05.391289  0:00:00.000373 GET     [200] /assets/assets/users/photo1.png
