Server started on port 8080
2021-11-28T10:19:27.491876  0:00:00.029830 GET     [200] /
2021-11-28T10:19:27.614911  0:00:00.000658 GET     [200] /flutter_service_worker.js?v=95345103
2021-11-28T10:19:27.638818  0:00:00.000499 GET     [200] /
2021-11-28T10:19:27.640622  0:00:00.000452 GET     [200] /main.dart.js
2021-11-28T10:19:27.641986  0:00:00.000372 GET     [200] /index.html
2021-11-28T10:19:27.649840  0:00:00.000499 GET     [200] /assets/NOTICES
2021-11-28T10:19:27.651532  0:00:00.000843 GET     [200] /assets/AssetManifest.json
2021-11-28T10:19:27.662274  0:00:00.000578 GET     [200] /assets/FontManifest.json
2021-11-28T10:19:28.050773  0:00:00.002164 GET     [304] /flutter_service_worker.js?v=95345103
2021-11-28T11:00:58.838499  0:00:00.000798 GET     [200] /
2021-11-28T11:01:02.133074  0:00:00.000568 GET     [304] /flutter_service_worker.js?v=95345103
2021-11-28T11:01:52.680683  0:00:00.000857 GET     [200] /
2021-11-28T11:01:55.692480  0:00:00.000465 GET     [304] /flutter_service_worker.js?v=95345103
2021-11-28T11:08:10.409094  0:00:00.000614 GET     [200] /flutter_service_worker.js?v=3660605864
2021-11-28T11:08:10.429925  0:00:00.000615 GET     [200] /
2021-11-28T11:08:10.431766  0:00:00.000361 GET     [200] /index.html
2021-11-28T11:08:10.432920  0:00:00.000463 GET     [200] /main.dart.js
2021-11-28T11:08:10.440407  0:00:00.000546 GET     [200] /assets/NOTICES
2021-11-28T11:08:10.441705  0:00:00.001007 GET     [200] /assets/AssetManifest.json
2021-11-28T11:08:10.449163  0:00:00.000417 GET     [200] /assets/FontManifest.json
2021-11-28T11:08:26.479302  0:00:00.000469 GET     [304] /
2021-11-28T11:08:26.566347  0:00:00.000389 GET     [200] /flutter_service_worker.js?v=95345103
2021-11-28T11:08:26.582894  0:00:00.000395 GET     [200] /
2021-11-28T11:08:26.583950  0:00:00.000304 GET     [200] /main.dart.js
2021-11-28T11:08:26.585050  0:00:00.000368 GET     [200] /index.html
2021-11-28T11:08:26.595061  0:00:00.000574 GET     [200] /assets/NOTICES
2021-11-28T11:08:26.596400  0:00:00.000350 GET     [200] /assets/AssetManifest.json
2021-11-28T11:08:26.606838  0:00:00.000358 GET     [200] /assets/FontManifest.json
2021-11-28T11:08:26.991392  0:00:00.000524 GET     [304] /flutter_service_worker.js?v=95345103
2021-11-28T11:08:38.123751  0:00:00.000543 GET     [200] /assets/assets/campaigns/coastal.png
