Server started on port 8080
2021-11-28T09:43:32.107581  0:00:00.037443 GET     [200] /
2021-11-28T09:43:35.153976  0:00:00.003470 GET     [304] /
2021-11-28T09:43:35.356501  0:00:00.000633 GET     [200] /flutter_service_worker.js?v=3192010253
2021-11-28T09:43:35.371643  0:00:00.000426 GET     [200] /
2021-11-28T09:43:35.373874  0:00:00.000448 GET     [200] /main.dart.js
2021-11-28T09:43:35.375163  0:00:00.000374 GET     [200] /index.html
2021-11-28T09:43:35.383618  0:00:00.000542 GET     [200] /assets/NOTICES
2021-11-28T09:43:35.385944  0:00:00.000401 GET     [200] /assets/AssetManifest.json
2021-11-28T09:43:35.398862  0:00:00.000467 GET     [200] /assets/FontManifest.json
2021-11-28T09:43:35.811473  0:00:00.000667 GET     [304] /flutter_service_worker.js?v=3192010253
2021-11-28T09:44:04.722391  0:00:00.000634 GET     [200] /flutter_service_worker.js?v=1975461125
2021-11-28T09:44:04.743987  0:00:00.000439 GET     [200] /
2021-11-28T09:44:04.745224  0:00:00.000335 GET     [200] /main.dart.js
2021-11-28T09:44:04.746899  0:00:00.000606 GET     [200] /index.html
2021-11-28T09:44:04.755223  0:00:00.000513 GET     [200] /assets/NOTICES
2021-11-28T09:44:04.756738  0:00:00.000475 GET     [200] /assets/AssetManifest.json
2021-11-28T09:44:04.763315  0:00:00.001295 GET     [200] /assets/FontManifest.json
2021-11-28T09:44:13.199199  0:00:00.000492 GET     [304] /
2021-11-28T09:44:14.988983  0:00:00.000680 GET     [304] /
2021-11-28T09:44:15.035695  0:00:00.000449 GET     [200] /flutter_service_worker.js?v=3192010253
2021-11-28T09:44:15.060512  0:00:00.000527 GET     [200] /
2021-11-28T09:44:15.061945  0:00:00.000366 GET     [200] /main.dart.js
2021-11-28T09:44:15.063331  0:00:00.000453 GET     [200] /index.html
2021-11-28T09:44:15.073724  0:00:00.000455 GET     [200] /assets/NOTICES
2021-11-28T09:44:15.076330  0:00:00.000550 GET     [200] /assets/AssetManifest.json
2021-11-28T09:44:15.088808  0:00:00.000372 GET     [200] /assets/FontManifest.json
2021-11-28T09:44:15.473581  0:00:00.000433 GET     [304] /flutter_service_worker.js?v=3192010253
