Server started on port 8080
2021-11-28T09:37:27.934171  0:00:00.049250 GET     [200] /
2021-11-28T09:37:28.213264  0:00:00.003218 GET     [404] /favicon.ico
2021-11-28T09:37:28.224194  0:00:00.000538 GET     [200] /flutter_service_worker.js?v=1975461125
2021-11-28T09:37:28.241514  0:00:00.000487 GET     [200] /
2021-11-28T09:37:28.243030  0:00:00.000606 GET     [200] /main.dart.js
2021-11-28T09:37:28.244657  0:00:00.000340 GET     [200] /index.html
2021-11-28T09:37:28.254393  0:00:00.000461 GET     [200] /assets/NOTICES
2021-11-28T09:37:28.256184  0:00:00.000699 GET     [200] /assets/AssetManifest.json
2021-11-28T09:37:28.264930  0:00:00.000405 GET     [200] /assets/FontManifest.json
2021-11-28T09:37:29.139652  0:00:00.001466 GET     [304] /flutter_service_worker.js?v=1975461125
2021-11-28T09:37:45.749100  0:00:00.000744 GET     [200] /assets/assets/users/photo9.png
2021-11-28T09:37:45.750997  0:00:00.001216 GET     [200] /assets/assets/campaigns/job_losses.png
2021-11-28T09:38:22.677102  0:00:00.000733 GET     [200] /assets/assets/users/photo10.png
2021-11-28T09:38:40.361929  0:00:00.000150 GET     [404] /favicon.ico
2021-11-28T09:38:43.089395  0:00:00.000617 GET     [200] /flutter_service_worker.js?v=1369196417
2021-11-28T09:38:43.105318  0:00:00.000546 GET     [200] /
2021-11-28T09:38:43.106623  0:00:00.000373 GET     [200] /main.dart.js
2021-11-28T09:38:43.107918  0:00:00.000305 GET     [200] /index.html
2021-11-28T09:38:43.113381  0:00:00.000614 GET     [200] /assets/NOTICES
2021-11-28T09:38:43.114888  0:00:00.000363 GET     [200] /assets/AssetManifest.json
2021-11-28T09:38:43.123876  0:00:00.000377 GET     [200] /assets/FontManifest.json
2021-11-28T09:38:49.146133  0:00:00.000510 GET     [304] /
2021-11-28T09:38:49.193486  0:00:00.000387 GET     [200] /flutter_service_worker.js?v=1975461125
2021-11-28T09:38:49.207531  0:00:00.000439 GET     [200] /
2021-11-28T09:38:49.208655  0:00:00.000306 GET     [200] /main.dart.js
2021-11-28T09:38:49.209824  0:00:00.000327 GET     [200] /index.html
2021-11-28T09:38:49.215351  0:00:00.000331 GET     [200] /assets/NOTICES
2021-11-28T09:38:49.216320  0:00:00.000312 GET     [200] /assets/AssetManifest.json
2021-11-28T09:38:49.223746  0:00:00.000592 GET     [200] /assets/FontManifest.json
2021-11-28T09:38:49.577992  0:00:00.000430 GET     [304] /flutter_service_worker.js?v=1975461125
2021-11-28T09:39:08.696564  0:00:00.000528 GET     [200] /
2021-11-28T09:39:08.699515  0:00:00.000586 GET     [200] /flutter_service_worker.js?v=4148768818
2021-11-28T09:39:08.702867  0:00:00.000777 GET     [200] /main.dart.js
2021-11-28T09:39:08.875250  0:00:00.000155 GET     [404] /favicon.ico
2021-11-28T09:39:08.877438  0:00:00.000325 GET     [200] /flutter_service_worker.js?v=1975461125
2021-11-28T09:39:08.903609  0:00:00.000354 GET     [200] /
2021-11-28T09:39:08.909534  0:00:00.000354 GET     [200] /main.dart.js
2021-11-28T09:39:08.910685  0:00:00.000274 GET     [200] /index.html
2021-11-28T09:39:08.911625  0:00:00.000318 GET     [200] /assets/NOTICES
2021-11-28T09:39:08.912618  0:00:00.000284 GET     [200] /assets/AssetManifest.json
2021-11-28T09:39:08.913502  0:00:00.000340 GET     [200] /assets/FontManifest.json
2021-11-28T09:39:12.437114  0:00:00.000589 GET     [304] /assets/packages/cupertino_icons/assets/CupertinoIcons.ttf
2021-11-28T09:39:12.438533  0:00:00.000566 GET     [304] /assets/fonts/MaterialIcons-Regular.otf
2021-11-28T09:39:19.549462  0:00:00.000451 GET     [200] /assets/assets/users/photo9.png
2021-11-28T09:39:19.559784  0:00:00.000423 GET     [200] /assets/assets/users/photo10.png
2021-11-28T09:39:19.561198  0:00:00.000401 GET     [200] /assets/assets/users/photo8.png
2021-11-28T09:39:19.562457  0:00:00.000368 GET     [200] /assets/assets/users/photo7.png
2021-11-28T09:39:19.563754  0:00:00.000327 GET     [200] /assets/assets/users/photo4.png
2021-11-28T09:39:19.566718  0:00:00.000363 GET     [200] /assets/assets/users/photo6.png
2021-11-28T09:40:00.800038  0:00:00.000457 GET     [200] /assets/assets/users/photo3.png
2021-11-28T09:40:00.913949  0:00:00.000416 GET     [200] /assets/assets/users/photo2.png
2021-11-28T09:40:01.030124  0:00:00.000434 GET     [200] /assets/assets/users/photo1.png
2021-11-28T09:40:23.636495  0:00:00.000402 GET     [200] /assets/assets/campaigns/residential_fires.png
2021-11-28T09:40:35.664599  0:00:00.000468 GET     [200] /assets/assets/campaigns/organic_garden.png
