Server started on port 8080
2021-11-26T12:34:53.407817  0:00:00.027441 GET     [200] /
2021-11-26T12:34:53.647676  0:00:00.000564 GET     [200] /flutter_service_worker.js?v=2425035894
2021-11-26T12:34:53.649354  0:00:00.002082 GET     [404] /favicon.ico
2021-11-26T12:34:53.668137  0:00:00.000433 GET     [200] /
2021-11-26T12:34:53.672555  0:00:00.000405 GET     [200] /main.dart.js
2021-11-26T12:34:53.674453  0:00:00.000548 GET     [200] /index.html
2021-11-26T12:34:53.683181  0:00:00.000444 GET     [200] /assets/NOTICES
2021-11-26T12:34:53.684430  0:00:00.000901 GET     [200] /assets/AssetManifest.json
2021-11-26T12:34:53.690674  0:00:00.000879 GET     [200] /assets/FontManifest.json
2021-11-26T12:34:54.080401  0:00:00.001780 GET     [304] /flutter_service_worker.js?v=2425035894
2021-11-26T12:34:57.172337  0:00:00.000816 GET     [200] /assets/fonts/MaterialIcons-Regular.otf
2021-11-26T12:34:57.173984  0:00:00.000373 GET     [200] /assets/packages/cupertino_icons/assets/CupertinoIcons.ttf
2021-11-26T12:35:04.344882  0:00:00.000636 GET     [200] /assets/assets/users/photo8.png
2021-11-26T12:35:04.350225  0:00:00.001045 GET     [200] /assets/assets/campaigns/residential_fires.png
2021-11-26T12:35:25.811453  0:00:00.000430 GET     [200] /assets/assets/campaigns/organic_garden.png
2021-11-26T12:36:02.784966  0:00:00.000459 GET     [200] /assets/assets/users/photo4.png
2021-11-26T12:36:02.790149  0:00:00.000557 GET     [200] /assets/assets/users/photo10.png
2021-11-26T12:36:02.806843  0:00:00.000558 GET     [200] /assets/assets/campaigns/coastal.png
2021-11-26T12:36:22.264733  0:00:00.000465 GET     [200] /assets/assets/users/photo9.png
2021-11-26T12:36:22.275078  0:00:00.000427 GET     [200] /assets/assets/users/photo7.png
2021-11-26T12:36:22.281324  0:00:00.000459 GET     [200] /assets/assets/users/photo6.png
